-------------------------------------------------------------------------------
Test set: TestSuite
-------------------------------------------------------------------------------
Tests run: 4, Failures: 1, Errors: 0, Skipped: 1, Time elapsed: 68.064 s <<< FAILURE! - in TestSuite
org.example.test.RegistrationTest.verifySuccessfulRegistrationTest  Time elapsed: 13.814 s  <<< FAILURE!
java.lang.AssertionError: null
	at org.example.test.RegistrationTest.verifySuccessfulRegistrationTest(RegistrationTest.java:58)

