<?xml version="1.0" encoding="UTF-8"?>
<testsuite xmlns:xsi="http://www.w3.org/2001/XMLSchema-instance" xsi:noNamespaceSchemaLocation="https://maven.apache.org/surefire/maven-surefire-plugin/xsd/surefire-test-report-3.0.xsd" version="3.0" name="TestSuite" time="68.064" tests="4" errors="0" skipped="1" failures="1">
  <properties>
[...]
</properties>
  <testcase name="homePageTest" classname="org.example.test.HomePageTest" time="0.246">
    <system-out><![CDATA[[INFO ] 2022-06-03 15:40:11.387 TestBase:31 - Browser:Chrome is used for testing
[INFO ] 2022-06-03 15:40:15.510 TestBase:34 - Application Url : http://automationpractice.com/index.php is opened in browser.
[INFO ] 2022-06-03 15:40:15.794 TestBase:39 - Window maximized and cookies are deleted
[WARN ] 2022-06-03 15:40:16.149 HomePageTest:24 - Running home Page Test
]]></system-out>
    <system-err><![CDATA[SLF4J: Failed to load class "org.slf4j.impl.StaticLoggerBinder".
SLF4J: Defaulting to no-operation (NOP) logger implementation
SLF4J: See http://www.slf4j.org/codes.html#StaticLoggerBinder for further details.
Starting ChromeDriver 102.0.5005.61 (0e59bcc00cc4985ce39ad31c150065f159d95ad3-refs/branch-heads/5005@{#819}) on port 7547
Only local connections are allowed.
Please see https://chromedriver.chromium.org/security-considerations for suggestions on keeping ChromeDriver safe.
ChromeDriver was started successfully.
черв. 03, 2022 3:40:09 ПП org.openqa.selenium.remote.ProtocolHandshake createSession
INFO: Detected dialect: W3C
]]></system-err>
  </testcase>
  <testcase name="verifySuccessfulRegistrationTest" classname="org.example.test.RegistrationTest" time="0">
    <skipped message="null"/>
    <system-out><![CDATA[[INFO ] 2022-06-03 15:40:16.390 TestBase:45 - Quiting Driver
[INFO ] 2022-06-03 15:40:18.505 TestBase:31 - Browser:Chrome is used for testing
[INFO ] 2022-06-03 15:40:24.427 TestBase:34 - Application Url : http://automationpractice.com/index.php is opened in browser.
[INFO ] 2022-06-03 15:40:24.687 TestBase:39 - Window maximized and cookies are deleted
]]></system-out>
    <system-err><![CDATA[Starting ChromeDriver 102.0.5005.61 (0e59bcc00cc4985ce39ad31c150065f159d95ad3-refs/branch-heads/5005@{#819}) on port 40855
Only local connections are allowed.
Please see https://chromedriver.chromium.org/security-considerations for suggestions on keeping ChromeDriver safe.
ChromeDriver was started successfully.
черв. 03, 2022 3:40:18 ПП org.openqa.selenium.remote.ProtocolHandshake createSession
INFO: Detected dialect: W3C
]]></system-err>
  </testcase>
  <testcase name="verifySuccessfulRegistrationTest" classname="org.example.test.RegistrationTest" time="13.814">
    <failure message="null" type="java.lang.AssertionError"><![CDATA[java.lang.AssertionError: null
	at org.example.test.RegistrationTest.verifySuccessfulRegistrationTest(RegistrationTest.java:58)
]]></failure>
    <system-out><![CDATA[[INFO ] 2022-06-03 15:40:38.318 TestBase:45 - Quiting Driver
[INFO ] 2022-06-03 15:40:40.748 TestBase:31 - Browser:Chrome is used for testing
[INFO ] 2022-06-03 15:40:44.693 TestBase:34 - Application Url : http://automationpractice.com/index.php is opened in browser.
[INFO ] 2022-06-03 15:40:44.985 TestBase:39 - Window maximized and cookies are deleted
]]></system-out>
    <system-err><![CDATA[Starting ChromeDriver 102.0.5005.61 (0e59bcc00cc4985ce39ad31c150065f159d95ad3-refs/branch-heads/5005@{#819}) on port 12251
Only local connections are allowed.
Please see https://chromedriver.chromium.org/security-considerations for suggestions on keeping ChromeDriver safe.
ChromeDriver was started successfully.
черв. 03, 2022 3:40:40 ПП org.openqa.selenium.remote.ProtocolHandshake createSession
INFO: Detected dialect: W3C
]]></system-err>
  </testcase>
  <testcase name="verifyNotAbleToAddToWishlistWithoutLoginTest" classname="org.example.test.AddToWishlistTest" time="3.808">
    <system-out><![CDATA[[INFO ] 2022-06-03 15:40:59.309 TestBase:45 - Quiting Driver
[INFO ] 2022-06-03 15:41:01.519 TestBase:31 - Browser:Chrome is used for testing
[INFO ] 2022-06-03 15:41:05.178 TestBase:34 - Application Url : http://automationpractice.com/index.php is opened in browser.
[INFO ] 2022-06-03 15:41:05.427 TestBase:39 - Window maximized and cookies are deleted
[ERROR] 2022-06-03 15:41:08.482 AddToWishlistTest:25 - Text doesn't match
]]></system-out>
    <system-err><![CDATA[Starting ChromeDriver 102.0.5005.61 (0e59bcc00cc4985ce39ad31c150065f159d95ad3-refs/branch-heads/5005@{#819}) on port 36334
Only local connections are allowed.
Please see https://chromedriver.chromium.org/security-considerations for suggestions on keeping ChromeDriver safe.
ChromeDriver was started successfully.
черв. 03, 2022 3:41:01 ПП org.openqa.selenium.remote.ProtocolHandshake createSession
INFO: Detected dialect: W3C
]]></system-err>
  </testcase>
</testsuite>